<?xml version="1.0" encoding="UTF-8"?>
<!-- Generated by org.testng.reporters.JUnitReportReporter -->
<testsuite hostname="INPF18GA05" name="testInitiator.TestRunner" tests="1" failures="0" timestamp="20 May 2020 08:05:35 GMT" time="222.856" errors="0">
  <testcase name="feature" time="222.856" classname="testInitiator.TestRunner"/>
</testsuite> <!-- testInitiator.TestRunner -->
