<?xml version="1.0" encoding="UTF-8"?>
<!-- Generated by org.testng.reporters.JUnitReportReporter -->
<testsuite hostname="INPF18GA05" name="testInitiator.Base" tests="1" failures="0" timestamp="30 Oct 2019 13:29:07 GMT" time="5.944" errors="0">
  <testcase name="initializeDriver" time="5.944" classname="testInitiator.Base"/>
</testsuite> <!-- testInitiator.Base -->
